0 verbose cli /home/osboxes/.nvm/versions/node/v18.17.1/bin/node /home/osboxes/.nvm/versions/node/v18.17.1/bin/npm
1 info using npm@9.6.7
2 info using node@v18.17.1
3 timing npm:load:whichnode Completed in 62ms
4 timing config:load:defaults Completed in 109ms
5 timing config:load:file:/home/osboxes/.nvm/versions/node/v18.17.1/lib/node_modules/npm/npmrc Completed in 0ms
6 timing config:load:builtin Completed in 5ms
7 timing config:load:cli Completed in 7ms
8 timing config:load:env Completed in 1ms
9 timing config:load:file:/home/osboxes/nextcrm-app/.npmrc Completed in 0ms
10 timing config:load:project Completed in 79ms
11 timing config:load:file:/home/osboxes/.npmrc Completed in 1ms
12 timing config:load:user Completed in 1ms
13 timing config:load:file:/home/osboxes/.nvm/versions/node/v18.17.1/etc/npmrc Completed in 0ms
14 timing config:load:global Completed in 0ms
15 timing config:load:setEnvs Completed in 1ms
16 timing config:load Completed in 203ms
17 timing npm:load:configload Completed in 203ms
18 timing npm:load:mkdirpcache Completed in 36ms
19 timing npm:load:mkdirplogs Completed in 9ms
20 verbose title npm
21 verbose argv "--cache" "clean"
22 timing npm:load:setTitle Completed in 1ms
23 timing config:load:flatten Completed in 3ms
24 timing npm:load:display Completed in 4ms
25 verbose logfile logs-max:10 dir:/home/osboxes/nextcrm-app/clean/_logs/2023-08-21T16_39_36_378Z-
26 verbose logfile /home/osboxes/nextcrm-app/clean/_logs/2023-08-21T16_39_36_378Z-debug-0.log
27 timing npm:load:logFile Completed in 49ms
28 timing npm:load:timers Completed in 0ms
29 timing npm:load:configScope Completed in 0ms
30 timing npm:load Completed in 366ms
31 verbose exit 1
32 timing npm Completed in 424ms
33 verbose code 1
